0 info it worked if it ends with ok
1 verbose cli [ '/usr/local/bin/node', '/usr/local/bin/npm', 'start' ]
2 info using npm@3.8.6
3 info using node@v4.4.2
4 warn invalid config proxy=""
5 warn invalid config Must be a full url with 'http://'
6 verbose run-script [ 'prestart', 'start', 'poststart' ]
7 info lifecycle react-skeleton@1.0.0~prestart: react-skeleton@1.0.0
8 silly lifecycle react-skeleton@1.0.0~prestart: no script for prestart, continuing
9 info lifecycle react-skeleton@1.0.0~start: react-skeleton@1.0.0
10 verbose lifecycle react-skeleton@1.0.0~start: unsafe-perm in lifecycle true
11 verbose lifecycle react-skeleton@1.0.0~start: PATH: /usr/local/lib/node_modules/npm/bin/node-gyp-bin:/Users/magnusbg/Documents/Koda/react-ingredients/node_modules/.bin:/usr/local/bin:/usr/local/bin:/usr/bin:/bin:/usr/sbin:/sbin
12 verbose lifecycle react-skeleton@1.0.0~start: CWD: /Users/magnusbg/Documents/Koda/react-ingredients
13 silly lifecycle react-skeleton@1.0.0~start: Args: [ '-c',
13 silly lifecycle   'watchify src/main.jsx -v -t [ babelify --presets [ react ] ] -o public/js/main.js' ]
14 silly lifecycle react-skeleton@1.0.0~start: Returned: code: 1  signal: null
15 info lifecycle react-skeleton@1.0.0~start: Failed to exec start script
16 verbose stack Error: react-skeleton@1.0.0 start: `watchify src/main.jsx -v -t [ babelify --presets [ react ] ] -o public/js/main.js`
16 verbose stack Exit status 1
16 verbose stack     at EventEmitter.<anonymous> (/usr/local/lib/node_modules/npm/lib/utils/lifecycle.js:239:16)
16 verbose stack     at emitTwo (events.js:87:13)
16 verbose stack     at EventEmitter.emit (events.js:172:7)
16 verbose stack     at ChildProcess.<anonymous> (/usr/local/lib/node_modules/npm/lib/utils/spawn.js:24:14)
16 verbose stack     at emitTwo (events.js:87:13)
16 verbose stack     at ChildProcess.emit (events.js:172:7)
16 verbose stack     at maybeClose (internal/child_process.js:827:16)
16 verbose stack     at Process.ChildProcess._handle.onexit (internal/child_process.js:211:5)
17 verbose pkgid react-skeleton@1.0.0
18 verbose cwd /Users/magnusbg/Documents/Koda/react-ingredients
19 error Darwin 15.3.0
20 error argv "/usr/local/bin/node" "/usr/local/bin/npm" "start"
21 error node v4.4.2
22 error npm  v3.8.6
23 error code ELIFECYCLE
24 error react-skeleton@1.0.0 start: `watchify src/main.jsx -v -t [ babelify --presets [ react ] ] -o public/js/main.js`
24 error Exit status 1
25 error Failed at the react-skeleton@1.0.0 start script 'watchify src/main.jsx -v -t [ babelify --presets [ react ] ] -o public/js/main.js'.
25 error Make sure you have the latest version of node.js and npm installed.
25 error If you do, this is most likely a problem with the react-skeleton package,
25 error not with npm itself.
25 error Tell the author that this fails on your system:
25 error     watchify src/main.jsx -v -t [ babelify --presets [ react ] ] -o public/js/main.js
25 error You can get information on how to open an issue for this project with:
25 error     npm bugs react-skeleton
25 error Or if that isn't available, you can get their info via:
25 error     npm owner ls react-skeleton
25 error There is likely additional logging output above.
26 verbose exit [ 1, true ]
